<?xml version=\"1.0\" encoding=\"UTF-8\"?>
<s:Envelope xmlns:s=\"http://www.w3.org/2003/05/soap-envelope\" xmlns:wsa=\"http://schemas.xmlsoap.org/ws/2004/08/addressing\" xmlns:wsen=\"http://schemas.xmlsoap.org/ws/2004/09/enumeration\">
  <s:Header>
    <wsa:To>http://schemas.xmlsoap.org/ws/2004/08/addressing/role/anonymous</wsa:To>
    <wsa:Action>http://schemas.xmlsoap.org/ws/2004/09/enumeration/EnumerateResponse</wsa:Action>
    <wsa:RelatesTo>uuid:584cf19f-fad8-1ad8-8002-f9b1d4290c00</wsa:RelatesTo>
    <wsa:MessageID>uuid:c574188b-fae1-1ae1-8c24-2e87d6ddf95c</wsa:MessageID>
  </s:Header>
  <s:Body>
    <wsen:EnumerateResponse>
      <wsen:EnumerationContext>c567d866-fae1-1ae1-8c23-2e87d6ddf95c</wsen:EnumerationContext>
    </wsen:EnumerateResponse>
  </s:Body>
</s:Envelope>
<?xml version=\"1.0\" encoding=\"UTF-8\"?>
<s:Envelope xmlns:s=\"http://www.w3.org/2003/05/soap-envelope\" xmlns:wsa=\"http://schemas.xmlsoap.org/ws/2004/08/addressing\" xmlns:wsen=\"http://schemas.xmlsoap.org/ws/2004/09/enumeration\" xmlns:n1=\"http://schemas.dell.com/wbem/wscim/1/cim-schema/2/DCIM_NICView\" xmlns:xsi=\"http://www.w3.org/2001/XMLSchema-instance\">
  <s:Header>
    <wsa:To>http://schemas.xmlsoap.org/ws/2004/08/addressing/role/anonymous</wsa:To>
    <wsa:Action>http://schemas.xmlsoap.org/ws/2004/09/enumeration/PullResponse</wsa:Action>
    <wsa:RelatesTo>uuid:5860d29e-fad8-1ad8-8003-f9b1d4290c00</wsa:RelatesTo>
    <wsa:MessageID>uuid:c575c8e5-fae1-1ae1-8c25-2e87d6ddf95c</wsa:MessageID>
  </s:Header>
  <s:Body>
    <wsen:PullResponse>
      <wsen:EnumerationContext>c567d866-fae1-1ae1-8c23-2e87d6ddf95c</wsen:EnumerationContext>
      <wsen:Items>
        <n1:DCIM_NICView>
          <n1:AutoNegotiation>3</n1:AutoNegotiation>
          <n1:BusNumber>1</n1:BusNumber>
          <n1:ControllerBIOSVersion xsi:nil=\"true\"/>
          <n1:CurrentMACAddress>00:0E:AA:6B:00:19</n1:CurrentMACAddress>
          <n1:DataBusWidth>0002</n1:DataBusWidth>
          <n1:DeviceDescription>Integrated NIC 1 Port 1 Partition 1</n1:DeviceDescription>
          <n1:DeviceNumber>0</n1:DeviceNumber>
          <n1:EFIVersion>7.8.53</n1:EFIVersion>
          <n1:FCoEOffloadMode>3</n1:FCoEOffloadMode>
          <n1:FCoEWWNN>00:00:00:00:00:00</n1:FCoEWWNN>
          <n1:FQDD>NIC.Integrated.1-1-1</n1:FQDD>
          <n1:FamilyVersion>7.8.16</n1:FamilyVersion>
          <n1:FunctionNumber>0</n1:FunctionNumber>
          <n1:InstanceID>NIC.Integrated.1-1-1</n1:InstanceID>
          <n1:LastSystemInventoryTime>20140602161626.000000+000</n1:LastSystemInventoryTime>
          <n1:LastUpdateTime>20140602171619.000000+000</n1:LastUpdateTime>
          <n1:LinkDuplex>0</n1:LinkDuplex>
          <n1:LinkSpeed>5</n1:LinkSpeed>
          <n1:MaxBandwidth>100</n1:MaxBandwidth>
          <n1:MediaType>KR,KX</n1:MediaType>
          <n1:MinBandwidth>0</n1:MinBandwidth>
          <n1:NicMode>2</n1:NicMode>
          <n1:PCIDeviceID>168E</n1:PCIDeviceID>
          <n1:PCISubDeviceID>1f5f</n1:PCISubDeviceID>
          <n1:PCISubVendorID>1028</n1:PCISubVendorID>
          <n1:PCIVendorID>14e4</n1:PCIVendorID>
          <n1:PermanentFCOEMACAddress>00:00:00:00:00:00</n1:PermanentFCOEMACAddress>
          <n1:PermanentMACAddress>24:B6:FD:F4:4A:1E</n1:PermanentMACAddress>
          <n1:PermanentiSCSIMACAddress>24:B6:FD:F4:4A:1F</n1:PermanentiSCSIMACAddress>
          <n1:ProductName>Broadcom NetXtreme II 10 Gb Ethernet BCM57810 - 00:0E:AA:6B:00:19</n1:ProductName>
          <n1:ReceiveFlowControl>3</n1:ReceiveFlowControl>
          <n1:SlotLength>0002</n1:SlotLength>
          <n1:SlotType>0002</n1:SlotType>
          <n1:TransmitFlowControl>3</n1:TransmitFlowControl>
          <n1:VendorName>Broadcom Corp</n1:VendorName>
          <n1:VirtWWN>20:00:24:B6:FD:F4:4A:1F</n1:VirtWWN>
          <n1:VirtWWPN>20:01:24:B6:FD:F4:4A:1F</n1:VirtWWPN>
          <n1:WWN>20:00:24:B6:FD:F4:4A:1F</n1:WWN>
          <n1:WWPN>20:01:24:B6:FD:F4:4A:1F</n1:WWPN>
          <n1:iScsiOffloadMode>3</n1:iScsiOffloadMode>
        </n1:DCIM_NICView>
      </wsen:Items>
    </wsen:PullResponse>
  </s:Body>
</s:Envelope>
<?xml version=\"1.0\" encoding=\"UTF-8\"?>
<s:Envelope xmlns:s=\"http://www.w3.org/2003/05/soap-envelope\" xmlns:wsa=\"http://schemas.xmlsoap.org/ws/2004/08/addressing\" xmlns:wsen=\"http://schemas.xmlsoap.org/ws/2004/09/enumeration\" xmlns:n1=\"http://schemas.dell.com/wbem/wscim/1/cim-schema/2/DCIM_NICView\" xmlns:xsi=\"http://www.w3.org/2001/XMLSchema-instance\">
  <s:Header>
    <wsa:To>http://schemas.xmlsoap.org/ws/2004/08/addressing/role/anonymous</wsa:To>
    <wsa:Action>http://schemas.xmlsoap.org/ws/2004/09/enumeration/PullResponse</wsa:Action>
    <wsa:RelatesTo>uuid:58628dc9-fad8-1ad8-8004-f9b1d4290c00</wsa:RelatesTo>
    <wsa:MessageID>uuid:c57799e3-fae1-1ae1-8c26-2e87d6ddf95c</wsa:MessageID>
  </s:Header>
  <s:Body>
    <wsen:PullResponse>
      <wsen:Items>
        <n1:DCIM_NICView>
          <n1:AutoNegotiation>2</n1:AutoNegotiation>
          <n1:BusNumber>1</n1:BusNumber>
          <n1:ControllerBIOSVersion xsi:nil=\"true\"/>
          <n1:CurrentMACAddress>00:0E:AA:6B:00:1E</n1:CurrentMACAddress>
          <n1:DataBusWidth>0002</n1:DataBusWidth>
          <n1:DeviceDescription>Integrated NIC 1 Port 2 Partition 1</n1:DeviceDescription>
          <n1:DeviceNumber>0</n1:DeviceNumber>
          <n1:EFIVersion>7.8.53</n1:EFIVersion>
          <n1:FCoEOffloadMode>3</n1:FCoEOffloadMode>
          <n1:FCoEWWNN>00:00:00:00:00:00</n1:FCoEWWNN>
          <n1:FQDD>NIC.Integrated.1-2-1</n1:FQDD>
          <n1:FamilyVersion>7.8.16</n1:FamilyVersion>
          <n1:FunctionNumber>1</n1:FunctionNumber>
          <n1:InstanceID>NIC.Integrated.1-2-1</n1:InstanceID>
          <n1:LastSystemInventoryTime>20140602161626.000000+000</n1:LastSystemInventoryTime>
          <n1:LastUpdateTime>20140602171619.000000+000</n1:LastUpdateTime>
          <n1:LinkDuplex>0</n1:LinkDuplex>
          <n1:LinkSpeed>5</n1:LinkSpeed>
          <n1:MaxBandwidth>100</n1:MaxBandwidth>
          <n1:MediaType>KR,KX</n1:MediaType>
          <n1:MinBandwidth>0</n1:MinBandwidth>
          <n1:NicMode>2</n1:NicMode>
          <n1:PCIDeviceID>168E</n1:PCIDeviceID>
          <n1:PCISubDeviceID>1f5f</n1:PCISubDeviceID>
          <n1:PCISubVendorID>1028</n1:PCISubVendorID>
          <n1:PCIVendorID>14e4</n1:PCIVendorID>
          <n1:PermanentFCOEMACAddress>00:00:00:00:00:00</n1:PermanentFCOEMACAddress>
          <n1:PermanentMACAddress>24:B6:FD:F4:4A:20</n1:PermanentMACAddress>
          <n1:PermanentiSCSIMACAddress>24:B6:FD:F4:4A:21</n1:PermanentiSCSIMACAddress>
          <n1:ProductName>Broadcom NetXtreme II 10 Gb Ethernet BCM57810 - 00:0E:AA:6B:00:1E</n1:ProductName>
          <n1:ReceiveFlowControl>3</n1:ReceiveFlowControl>
          <n1:SlotLength>0002</n1:SlotLength>
          <n1:SlotType>0002</n1:SlotType>
          <n1:TransmitFlowControl>3</n1:TransmitFlowControl>
          <n1:VendorName>Broadcom Corp</n1:VendorName>
          <n1:VirtWWN>20:00:24:B6:FD:F4:4A:21</n1:VirtWWN>
          <n1:VirtWWPN>20:01:24:B6:FD:F4:4A:21</n1:VirtWWPN>
          <n1:WWN>20:00:24:B6:FD:F4:4A:21</n1:WWN>
          <n1:WWPN>20:01:24:B6:FD:F4:4A:21</n1:WWPN>
          <n1:iScsiOffloadMode>3</n1:iScsiOffloadMode>
        </n1:DCIM_NICView>
      </wsen:Items>
      <wsen:EndOfSequence/>
    </wsen:PullResponse>
  </s:Body>
</s:Envelope>
